# JRE version: Java(TM) SE Runtime Environment (8.0_171-b11) (build 1.8.0_171-b11)
# Java VM: Java HotSpot(TM) 64-Bit Server VM (25.171-b11 mixed mode linux-amd64 compressed oops)
Heap:
 PSYoungGen      total 36864K, used 1285K [0x00000000d6c00000, 0x00000000daf80000, 0x0000000100000000)
  eden space 31744K, 4% used [0x00000000d6c00000,0x00000000d6d416e0,0x00000000d8b00000)
  from space 5120K, 0% used [0x00000000d8b00000,0x00000000d8b00000,0x00000000d9000000)
  to   space 5120K, 0% used [0x00000000daa80000,0x00000000daa80000,0x00000000daf80000)
 ParOldGen       total 54784K, used 9528K [0x0000000084400000, 0x0000000087980000, 0x00000000d6c00000)
  object space 54784K, 17% used [0x0000000084400000,0x0000000084d4e008,0x0000000087980000)
 Metaspace       used 20442K, capacity 21532K, committed 21552K, reserved 1067008K
  class space    used 2865K, capacity 3115K, committed 3120K, reserved 1048576K
GC Heap History (8 events):
Event: 1.559 GC heap before
{Heap before GC invocations=1 (full 0):
 PSYoungGen      total 36864K, used 31744K [0x00000000d6c00000, 0x00000000d9500000, 0x0000000100000000)
  eden space 31744K, 100% used [0x00000000d6c00000,0x00000000d8b00000,0x00000000d8b00000)
  from space 5120K, 0% used [0x00000000d9000000,0x00000000d9000000,0x00000000d9500000)
  to   space 5120K, 0% used [0x00000000d8b00000,0x00000000d8b00000,0x00000000d9000000)
 ParOldGen       total 84992K, used 0K [0x0000000084400000, 0x0000000089700000, 0x00000000d6c00000)
  object space 84992K, 0% used [0x0000000084400000,0x0000000084400000,0x0000000089700000)
 Metaspace       used 13357K, capacity 13806K, committed 13952K, reserved 1060864K
  class space    used 1745K, capacity 1874K, committed 1920K, reserved 1048576K
Event: 1.576 GC heap after
Heap after GC invocations=1 (full 0):
 PSYoungGen      total 36864K, used 4806K [0x00000000d6c00000, 0x00000000db400000, 0x0000000100000000)
  eden space 31744K, 0% used [0x00000000d6c00000,0x00000000d6c00000,0x00000000d8b00000)
  from space 5120K, 93% used [0x00000000d8b00000,0x00000000d8fb19c8,0x00000000d9000000)
  to   space 5120K, 0% used [0x00000000daf00000,0x00000000daf00000,0x00000000db400000)
 ParOldGen       total 84992K, used 8K [0x0000000084400000, 0x0000000089700000, 0x00000000d6c00000)
  object space 84992K, 0% used [0x0000000084400000,0x0000000084402000,0x0000000089700000)
 Metaspace       used 13357K, capacity 13806K, committed 13952K, reserved 1060864K
  class space    used 1745K, capacity 1874K, committed 1920K, reserved 1048576K
}
Event: 25.867 GC heap before
{Heap before GC invocations=2 (full 0):
 PSYoungGen      total 36864K, used 36550K [0x00000000d6c00000, 0x00000000db400000, 0x0000000100000000)
  eden space 31744K, 100% used [0x00000000d6c00000,0x00000000d8b00000,0x00000000d8b00000)
  from space 5120K, 93% used [0x00000000d8b00000,0x00000000d8fb19c8,0x00000000d9000000)
  to   space 5120K, 0% used [0x00000000daf00000,0x00000000daf00000,0x00000000db400000)
 ParOldGen       total 84992K, used 8K [0x0000000084400000, 0x0000000089700000, 0x00000000d6c00000)
  object space 84992K, 0% used [0x0000000084400000,0x0000000084402000,0x0000000089700000)
 Metaspace       used 19513K, capacity 20546K, committed 20736K, reserved 1067008K
  class space    used 2739K, capacity 2986K, committed 3072K, reserved 1048576K
Event: 25.882 GC heap after
Heap after GC invocations=2 (full 0):
 PSYoungGen      total 36864K, used 5111K [0x00000000d6c00000, 0x00000000db400000, 0x0000000100000000)
  eden space 31744K, 0% used [0x00000000d6c00000,0x00000000d6c00000,0x00000000d8b00000)
  from space 5120K, 99% used [0x00000000daf00000,0x00000000db3fde08,0x00000000db400000)
  to   space 5120K, 0% used [0x00000000d8b00000,0x00000000d8b00000,0x00000000d9000000)
 ParOldGen       total 84992K, used 4056K [0x0000000084400000, 0x0000000089700000, 0x00000000d6c00000)
  object space 84992K, 4% used [0x0000000084400000,0x00000000847f63a8,0x0000000089700000)
 Metaspace       used 19513K, capacity 20546K, committed 20736K, reserved 1067008K
  class space    used 2739K, capacity 2986K, committed 3072K, reserved 1048576K
}
Event: 26.439 GC heap before
{Heap before GC invocations=3 (full 0):
 PSYoungGen      total 36864K, used 9223K [0x00000000d6c00000, 0x00000000db400000, 0x0000000100000000)
  eden space 31744K, 12% used [0x00000000d6c00000,0x00000000d7003ee8,0x00000000d8b00000)
  from space 5120K, 99% used [0x00000000daf00000,0x00000000db3fde08,0x00000000db400000)
  to   space 5120K, 0% used [0x00000000d8b00000,0x00000000d8b00000,0x00000000d9000000)
 ParOldGen       total 84992K, used 4056K [0x0000000084400000, 0x0000000089700000, 0x00000000d6c00000)
  object space 84992K, 4% used [0x0000000084400000,0x00000000847f63a8,0x0000000089700000)
 Metaspace       used 20199K, capacity 21272K, committed 21296K, reserved 1067008K
  class space    used 2837K, capacity 3113K, committed 3120K, reserved 1048576K
Event: 26.447 GC heap after
Heap after GC invocations=3 (full 0):
 PSYoungGen      total 36864K, used 5099K [0x00000000d6c00000, 0x00000000daf80000, 0x0000000100000000)
  eden space 31744K, 0% used [0x00000000d6c00000,0x00000000d6c00000,0x00000000d8b00000)
  from space 5120K, 99% used [0x00000000d8b00000,0x00000000d8ffae28,0x00000000d9000000)
  to   space 5120K, 0% used [0x00000000daa80000,0x00000000daa80000,0x00000000daf80000)
 ParOldGen       total 84992K, used 4644K [0x0000000084400000, 0x0000000089700000, 0x00000000d6c00000)
  object space 84992K, 5% used [0x0000000084400000,0x00000000848893b8,0x0000000089700000)
 Metaspace       used 20199K, capacity 21272K, committed 21296K, reserved 1067008K
  class space    used 2837K, capacity 3113K, committed 3120K, reserved 1048576K
}
Event: 26.447 GC heap before
{Heap before GC invocations=4 (full 1):
 PSYoungGen      total 36864K, used 5099K [0x00000000d6c00000, 0x00000000daf80000, 0x0000000100000000)
  eden space 31744K, 0% used [0x00000000d6c00000,0x00000000d6c00000,0x00000000d8b00000)
  from space 5120K, 99% used [0x00000000d8b00000,0x00000000d8ffae28,0x00000000d9000000)
  to   space 5120K, 0% used [0x00000000daa80000,0x00000000daa80000,0x00000000daf80000)
 ParOldGen       total 84992K, used 4644K [0x0000000084400000, 0x0000000089700000, 0x00000000d6c00000)
  object space 84992K, 5% used [0x0000000084400000,0x00000000848893b8,0x0000000089700000)
 Metaspace       used 20199K, capacity 21272K, committed 21296K, reserved 1067008K
  class space    used 2837K, capacity 3113K, committed 3120K, reserved 1048576K
Event: 26.516 GC heap after
Heap after GC invocations=4 (full 1):
 PSYoungGen      total 36864K, used 0K [0x00000000d6c00000, 0x00000000daf80000, 0x0000000100000000)
  eden space 31744K, 0% used [0x00000000d6c00000,0x00000000d6c00000,0x00000000d8b00000)
  from space 5120K, 0% used [0x00000000d8b00000,0x00000000d8b00000,0x00000000d9000000)
  to   space 5120K, 0% used [0x00000000daa80000,0x00000000daa80000,0x00000000daf80000)
 ParOldGen       total 54784K, used 9528K [0x0000000084400000, 0x0000000087980000, 0x00000000d6c00000)
  object space 54784K, 17% used [0x0000000084400000,0x0000000084d4e008,0x0000000087980000)
 Metaspace       used 20199K, capacity 21272K, committed 21296K, reserved 1067008K
  class space    used 2837K, capacity 3113K, committed 3120K, reserved 1048576K
}

