# JRE version: Java(TM) SE Runtime Environment (8.0_171-b11) (build 1.8.0_171-b11)
# Java VM: Java HotSpot(TM) 64-Bit Server VM (25.171-b11 mixed mode linux-amd64 compressed oops)
Heap:
 PSYoungGen      total 36864K, used 776K [0x00000000d6c00000, 0x00000000daf80000, 0x0000000100000000)
  eden space 31744K, 2% used [0x00000000d6c00000,0x00000000d6cc2338,0x00000000d8b00000)
  from space 5120K, 0% used [0x00000000d8b00000,0x00000000d8b00000,0x00000000d9000000)
  to   space 5120K, 0% used [0x00000000daa80000,0x00000000daa80000,0x00000000daf80000)
 ParOldGen       total 46080K, used 9266K [0x0000000084400000, 0x0000000087100000, 0x00000000d6c00000)
  object space 46080K, 20% used [0x0000000084400000,0x0000000084d0c9e8,0x0000000087100000)
 Metaspace       used 20143K, capacity 21146K, committed 21248K, reserved 1067008K
  class space    used 2778K, capacity 3010K, committed 3072K, reserved 1048576K
GC Heap History (8 events):
Event: 1.342 GC heap before
{Heap before GC invocations=1 (full 0):
 PSYoungGen      total 36864K, used 31744K [0x00000000d6c00000, 0x00000000d9500000, 0x0000000100000000)
  eden space 31744K, 100% used [0x00000000d6c00000,0x00000000d8b00000,0x00000000d8b00000)
  from space 5120K, 0% used [0x00000000d9000000,0x00000000d9000000,0x00000000d9500000)
  to   space 5120K, 0% used [0x00000000d8b00000,0x00000000d8b00000,0x00000000d9000000)
 ParOldGen       total 84992K, used 0K [0x0000000084400000, 0x0000000089700000, 0x00000000d6c00000)
  object space 84992K, 0% used [0x0000000084400000,0x0000000084400000,0x0000000089700000)
 Metaspace       used 13513K, capacity 13960K, committed 14208K, reserved 1060864K
  class space    used 1787K, capacity 1917K, committed 1920K, reserved 1048576K
Event: 1.359 GC heap after
Heap after GC invocations=1 (full 0):
 PSYoungGen      total 36864K, used 4890K [0x00000000d6c00000, 0x00000000db400000, 0x0000000100000000)
  eden space 31744K, 0% used [0x00000000d6c00000,0x00000000d6c00000,0x00000000d8b00000)
  from space 5120K, 95% used [0x00000000d8b00000,0x00000000d8fc6ad8,0x00000000d9000000)
  to   space 5120K, 0% used [0x00000000daf00000,0x00000000daf00000,0x00000000db400000)
 ParOldGen       total 84992K, used 8K [0x0000000084400000, 0x0000000089700000, 0x00000000d6c00000)
  object space 84992K, 0% used [0x0000000084400000,0x0000000084402000,0x0000000089700000)
 Metaspace       used 13513K, capacity 13960K, committed 14208K, reserved 1060864K
  class space    used 1787K, capacity 1917K, committed 1920K, reserved 1048576K
}
Event: 78.205 GC heap before
{Heap before GC invocations=2 (full 0):
 PSYoungGen      total 36864K, used 36634K [0x00000000d6c00000, 0x00000000db400000, 0x0000000100000000)
  eden space 31744K, 100% used [0x00000000d6c00000,0x00000000d8b00000,0x00000000d8b00000)
  from space 5120K, 95% used [0x00000000d8b00000,0x00000000d8fc6ad8,0x00000000d9000000)
  to   space 5120K, 0% used [0x00000000daf00000,0x00000000daf00000,0x00000000db400000)
 ParOldGen       total 84992K, used 8K [0x0000000084400000, 0x0000000089700000, 0x00000000d6c00000)
  object space 84992K, 0% used [0x0000000084400000,0x0000000084402000,0x0000000089700000)
 Metaspace       used 19673K, capacity 20606K, committed 20736K, reserved 1067008K
  class space    used 2750K, capacity 2978K, committed 3072K, reserved 1048576K
Event: 78.220 GC heap after
Heap after GC invocations=2 (full 0):
 PSYoungGen      total 36864K, used 5099K [0x00000000d6c00000, 0x00000000db400000, 0x0000000100000000)
  eden space 31744K, 0% used [0x00000000d6c00000,0x00000000d6c00000,0x00000000d8b00000)
  from space 5120K, 99% used [0x00000000daf00000,0x00000000db3faf30,0x00000000db400000)
  to   space 5120K, 0% used [0x00000000d8b00000,0x00000000d8b00000,0x00000000d9000000)
 ParOldGen       total 84992K, used 4158K [0x0000000084400000, 0x0000000089700000, 0x00000000d6c00000)
  object space 84992K, 4% used [0x0000000084400000,0x000000008480faa8,0x0000000089700000)
 Metaspace       used 19673K, capacity 20606K, committed 20736K, reserved 1067008K
  class space    used 2750K, capacity 2978K, committed 3072K, reserved 1048576K
}
Event: 86.414 GC heap before
{Heap before GC invocations=3 (full 0):
 PSYoungGen      total 36864K, used 9441K [0x00000000d6c00000, 0x00000000db400000, 0x0000000100000000)
  eden space 31744K, 13% used [0x00000000d6c00000,0x00000000d703d530,0x00000000d8b00000)
  from space 5120K, 99% used [0x00000000daf00000,0x00000000db3faf30,0x00000000db400000)
  to   space 5120K, 0% used [0x00000000d8b00000,0x00000000d8b00000,0x00000000d9000000)
 ParOldGen       total 84992K, used 4158K [0x0000000084400000, 0x0000000089700000, 0x00000000d6c00000)
  object space 84992K, 4% used [0x0000000084400000,0x000000008480faa8,0x0000000089700000)
 Metaspace       used 20143K, capacity 21146K, committed 21248K, reserved 1067008K
  class space    used 2778K, capacity 3010K, committed 3072K, reserved 1048576K
Event: 86.430 GC heap after
Heap after GC invocations=3 (full 0):
 PSYoungGen      total 36864K, used 5115K [0x00000000d6c00000, 0x00000000daf80000, 0x0000000100000000)
  eden space 31744K, 0% used [0x00000000d6c00000,0x00000000d6c00000,0x00000000d8b00000)
  from space 5120K, 99% used [0x00000000d8b00000,0x00000000d8ffef40,0x00000000d9000000)
  to   space 5120K, 0% used [0x00000000daa80000,0x00000000daa80000,0x00000000daf80000)
 ParOldGen       total 84992K, used 4310K [0x0000000084400000, 0x0000000089700000, 0x00000000d6c00000)
  object space 84992K, 5% used [0x0000000084400000,0x0000000084835aa8,0x0000000089700000)
 Metaspace       used 20143K, capacity 21146K, committed 21248K, reserved 1067008K
  class space    used 2778K, capacity 3010K, committed 3072K, reserved 1048576K
}
Event: 86.430 GC heap before
{Heap before GC invocations=4 (full 1):
 PSYoungGen      total 36864K, used 5115K [0x00000000d6c00000, 0x00000000daf80000, 0x0000000100000000)
  eden space 31744K, 0% used [0x00000000d6c00000,0x00000000d6c00000,0x00000000d8b00000)
  from space 5120K, 99% used [0x00000000d8b00000,0x00000000d8ffef40,0x00000000d9000000)
  to   space 5120K, 0% used [0x00000000daa80000,0x00000000daa80000,0x00000000daf80000)
 ParOldGen       total 84992K, used 4310K [0x0000000084400000, 0x0000000089700000, 0x00000000d6c00000)
  object space 84992K, 5% used [0x0000000084400000,0x0000000084835aa8,0x0000000089700000)
 Metaspace       used 20143K, capacity 21146K, committed 21248K, reserved 1067008K
  class space    used 2778K, capacity 3010K, committed 3072K, reserved 1048576K
Event: 86.494 GC heap after
Heap after GC invocations=4 (full 1):
 PSYoungGen      total 36864K, used 0K [0x00000000d6c00000, 0x00000000daf80000, 0x0000000100000000)
  eden space 31744K, 0% used [0x00000000d6c00000,0x00000000d6c00000,0x00000000d8b00000)
  from space 5120K, 0% used [0x00000000d8b00000,0x00000000d8b00000,0x00000000d9000000)
  to   space 5120K, 0% used [0x00000000daa80000,0x00000000daa80000,0x00000000daf80000)
 ParOldGen       total 46080K, used 9266K [0x0000000084400000, 0x0000000087100000, 0x00000000d6c00000)
  object space 46080K, 20% used [0x0000000084400000,0x0000000084d0c9e8,0x0000000087100000)
 Metaspace       used 20143K, capacity 21146K, committed 21248K, reserved 1067008K
  class space    used 2778K, capacity 3010K, committed 3072K, reserved 1048576K
}

